


ARM Macro Assembler    Page 1 


    1 00000000         ;*******************************************************
                       ***********************
    2 00000000         ;* File Name          : startup_stm32l010x4.s
    3 00000000         ;* Author             : MCD Application Team
    4 00000000         ;* Description        : STM32l010x4 Devices vector table
                        for MDK-ARM toolchain.
    5 00000000         ;*                      This module performs:
    6 00000000         ;*                      - Set the initial SP
    7 00000000         ;*                      - Set the initial PC == Reset_Ha
                       ndler
    8 00000000         ;*                      - Set the vector table entries w
                       ith the exceptions ISR address
    9 00000000         ;*                      - Branches to __main in the C li
                       brary (which eventually
   10 00000000         ;*                        calls main()).
   11 00000000         ;*                      After Reset the Cortex-M0+ proce
                       ssor is in Thread mode,
   12 00000000         ;*                      priority is Privileged, and the 
                       Stack is set to Main.
   13 00000000         ;*******************************************************
                       ***********************
   14 00000000         ;* @attention
   15 00000000         ;*
   16 00000000         ;* Copyright (c) 2016 STMicroelectronics.
   17 00000000         ;* All rights reserved.
   18 00000000         ;*
   19 00000000         ;* This software component is licensed by ST under BSD 3
                       -Clause license,
   20 00000000         ;* the "License"; You may not use this file except in co
                       mpliance with the
   21 00000000         ;* License. You may obtain a copy of the License at:
   22 00000000         ;*                        opensource.org/licenses/BSD-3-
                       Clause
   23 00000000         ;*
   24 00000000         ;*******************************************************
                       ***********************
   25 00000000         
   26 00000000         ; Amount of memory (in bytes) allocated for Stack
   27 00000000         ; Tailor this value to your application needs
   28 00000000         ; <h> Stack Configuration
   29 00000000         ;   <o> Stack Size (in Bytes) <0x0-0xFFFFFFFF:8>
   30 00000000         ; </h>
   31 00000000         
   32 00000000 00000400 
                       Stack_Size
                               EQU              0x400
   33 00000000         
   34 00000000                 AREA             STACK, NOINIT, READWRITE, ALIGN
=3
   35 00000000         Stack_Mem
                               SPACE            Stack_Size
   36 00000400         __initial_sp
   37 00000400         
   38 00000400         
   39 00000400         ; <h> Heap Configuration
   40 00000400         ;   <o>  Heap Size (in Bytes) <0x0-0xFFFFFFFF:8>
   41 00000400         ; </h>
   42 00000400         
   43 00000400 00000200 



ARM Macro Assembler    Page 2 


                       Heap_Size
                               EQU              0x200
   44 00000400         
   45 00000400                 AREA             HEAP, NOINIT, READWRITE, ALIGN=
3
   46 00000000         __heap_base
   47 00000000         Heap_Mem
                               SPACE            Heap_Size
   48 00000200         __heap_limit
   49 00000200         
   50 00000200                 PRESERVE8
   51 00000200                 THUMB
   52 00000200         
   53 00000200         
   54 00000200         ; Vector Table Mapped to Address 0 at Reset
   55 00000200                 AREA             RESET, DATA, READONLY
   56 00000000                 EXPORT           __Vectors
   57 00000000                 EXPORT           __Vectors_End
   58 00000000                 EXPORT           __Vectors_Size
   59 00000000         
   60 00000000 00000000 
                       __Vectors
                               DCD              __initial_sp ; Top of Stack
   61 00000004 00000000        DCD              Reset_Handler ; Reset Handler
   62 00000008 00000000        DCD              NMI_Handler ; NMI Handler
   63 0000000C 00000000        DCD              HardFault_Handler ; Hard Fault 
                                                            Handler
   64 00000010 00000000        DCD              0           ; Reserved
   65 00000014 00000000        DCD              0           ; Reserved
   66 00000018 00000000        DCD              0           ; Reserved
   67 0000001C 00000000        DCD              0           ; Reserved
   68 00000020 00000000        DCD              0           ; Reserved
   69 00000024 00000000        DCD              0           ; Reserved
   70 00000028 00000000        DCD              0           ; Reserved
   71 0000002C 00000000        DCD              SVC_Handler ; SVCall Handler
   72 00000030 00000000        DCD              0           ; Reserved
   73 00000034 00000000        DCD              0           ; Reserved
   74 00000038 00000000        DCD              PendSV_Handler ; PendSV Handler
                                                            
   75 0000003C 00000000        DCD              SysTick_Handler 
                                                            ; SysTick Handler
   76 00000040         
   77 00000040         ; External Interrupts
   78 00000040 00000000        DCD              WWDG_IRQHandler 
                                                            ; Window Watchdog
   79 00000044 00000000        DCD              0           ; Reserved
   80 00000048 00000000        DCD              RTC_IRQHandler ; RTC through EX
                                                            TI Line
   81 0000004C 00000000        DCD              FLASH_IRQHandler ; FLASH
   82 00000050 00000000        DCD              RCC_IRQHandler ; RCC
   83 00000054 00000000        DCD              EXTI0_1_IRQHandler 
                                                            ; EXTI Line 0 and 1
                                                            
   84 00000058 00000000        DCD              EXTI2_3_IRQHandler 
                                                            ; EXTI Line 2 and 3
                                                            
   85 0000005C 00000000        DCD              EXTI4_15_IRQHandler 
                                                            ; EXTI Line 4 to 15
                                                            



ARM Macro Assembler    Page 3 


   86 00000060 00000000        DCD              0           ; Reserved
   87 00000064 00000000        DCD              DMA1_Channel1_IRQHandler 
                                                            ; DMA1 Channel 1
   88 00000068 00000000        DCD              DMA1_Channel2_3_IRQHandler ; DM
                                                            A1 Channel 2 and Ch
                                                            annel 3
   89 0000006C 00000000        DCD              DMA1_Channel4_5_IRQHandler ; DM
                                                            A1 Channel 4 and Ch
                                                            annel 5
   90 00000070 00000000        DCD              ADC1_IRQHandler ; ADC1
   91 00000074 00000000        DCD              LPTIM1_IRQHandler ; LPTIM1
   92 00000078 00000000        DCD              0           ; Reserved
   93 0000007C 00000000        DCD              TIM2_IRQHandler ; TIM2
   94 00000080 00000000        DCD              0           ; Reserved
   95 00000084 00000000        DCD              0           ; Reserved
   96 00000088 00000000        DCD              0           ; Reserved
   97 0000008C 00000000        DCD              0           ; Reserved
   98 00000090 00000000        DCD              TIM21_IRQHandler ; TIM21
   99 00000094 00000000        DCD              0           ; Reserved
  100 00000098 00000000        DCD              0           ; Reserved
  101 0000009C 00000000        DCD              I2C1_IRQHandler ; I2C1
  102 000000A0 00000000        DCD              0           ; Reserved
  103 000000A4 00000000        DCD              SPI1_IRQHandler ; SPI1
  104 000000A8 00000000        DCD              0           ; Reserved
  105 000000AC 00000000        DCD              0           ; Reserved
  106 000000B0 00000000        DCD              USART2_IRQHandler ; USART2
  107 000000B4 00000000        DCD              LPUART1_IRQHandler ; LPUART1
  108 000000B8 00000000        DCD              0           ; Reserved
  109 000000BC 00000000        DCD              0           ; Reserved
  110 000000C0         
  111 000000C0         __Vectors_End
  112 000000C0         
  113 000000C0 000000C0 
                       __Vectors_Size
                               EQU              __Vectors_End - __Vectors
  114 000000C0         
  115 000000C0                 AREA             |.text|, CODE, READONLY
  116 00000000         
  117 00000000         ; Reset handler routine
  118 00000000         Reset_Handler
                               PROC
  119 00000000                 EXPORT           Reset_Handler                 [
WEAK]
  120 00000000                 IMPORT           __main
  121 00000000                 IMPORT           SystemInit
  122 00000000         
  123 00000000 480C            LDR              R0, =__initial_sp 
                                                            ; set stack pointer
                                                            
  124 00000002 F380 8808       MSR              MSP, R0
  125 00000006         
  126 00000006         ;;Check if boot space corresponds to system memory
  127 00000006         
  128 00000006 480C            LDR              R0,=0x00000004
  129 00000008 6801            LDR              R1, [R0]
  130 0000000A 0E09            LSRS             R1, R1, #24
  131 0000000C 4A0B            LDR              R2,=0x1F
  132 0000000E 4291            CMP              R1, R2
  133 00000010         



ARM Macro Assembler    Page 4 


  134 00000010 D105            BNE              ApplicationStart
  135 00000012         
  136 00000012         ;; SYSCFG clock enable
  137 00000012         
  138 00000012 480B            LDR              R0,=0x40021034
  139 00000014 490B            LDR              R1,=0x00000001
  140 00000016 6001            STR              R1, [R0]
  141 00000018         
  142 00000018         ;; Set CFGR1 register with flash memory remap at address
                        0
  143 00000018         
  144 00000018 480B            LDR              R0,=0x40010000
  145 0000001A 490C            LDR              R1,=0x00000000
  146 0000001C 6001            STR              R1, [R0]
  147 0000001E         
  148 0000001E         ApplicationStart
  149 0000001E 480C            LDR              R0, =SystemInit
  150 00000020 4780            BLX              R0
  151 00000022 480C            LDR              R0, =__main
  152 00000024 4700            BX               R0
  153 00000026                 ENDP
  154 00000026         
  155 00000026         ; Dummy Exception Handlers (infinite loops which can be 
                       modified)
  156 00000026         
  157 00000026         NMI_Handler
                               PROC
  158 00000026                 EXPORT           NMI_Handler                    
[WEAK]
  159 00000026 E7FE            B                .
  160 00000028                 ENDP
  162 00000028         HardFault_Handler
                               PROC
  163 00000028                 EXPORT           HardFault_Handler              
[WEAK]
  164 00000028 E7FE            B                .
  165 0000002A                 ENDP
  166 0000002A         SVC_Handler
                               PROC
  167 0000002A                 EXPORT           SVC_Handler                    
[WEAK]
  168 0000002A E7FE            B                .
  169 0000002C                 ENDP
  170 0000002C         PendSV_Handler
                               PROC
  171 0000002C                 EXPORT           PendSV_Handler                 
[WEAK]
  172 0000002C E7FE            B                .
  173 0000002E                 ENDP
  174 0000002E         SysTick_Handler
                               PROC
  175 0000002E                 EXPORT           SysTick_Handler                
[WEAK]
  176 0000002E E7FE            B                .
  177 00000030                 ENDP
  178 00000030         
  179 00000030         Default_Handler
                               PROC
  180 00000030         



ARM Macro Assembler    Page 5 


  181 00000030                 EXPORT           WWDG_IRQHandler                
[WEAK]
  182 00000030                 EXPORT           RTC_IRQHandler                 
[WEAK]
  183 00000030                 EXPORT           FLASH_IRQHandler               
[WEAK]
  184 00000030                 EXPORT           RCC_IRQHandler                 
[WEAK]
  185 00000030                 EXPORT           EXTI0_1_IRQHandler             
[WEAK]
  186 00000030                 EXPORT           EXTI2_3_IRQHandler             
[WEAK]
  187 00000030                 EXPORT           EXTI4_15_IRQHandler            
[WEAK]
  188 00000030                 EXPORT           DMA1_Channel1_IRQHandler       
[WEAK]
  189 00000030                 EXPORT           DMA1_Channel2_3_IRQHandler     
[WEAK]
  190 00000030                 EXPORT           DMA1_Channel4_5_IRQHandler     
[WEAK]
  191 00000030                 EXPORT           ADC1_IRQHandler                
[WEAK]
  192 00000030                 EXPORT           LPTIM1_IRQHandler              
[WEAK]
  193 00000030                 EXPORT           TIM2_IRQHandler                
[WEAK]
  194 00000030                 EXPORT           TIM21_IRQHandler               
[WEAK]
  195 00000030                 EXPORT           I2C1_IRQHandler                
[WEAK]
  196 00000030                 EXPORT           SPI1_IRQHandler                
[WEAK]
  197 00000030                 EXPORT           USART2_IRQHandler              
[WEAK]
  198 00000030                 EXPORT           LPUART1_IRQHandler             
[WEAK]
  199 00000030         
  200 00000030         WWDG_IRQHandler
  201 00000030         RTC_IRQHandler
  202 00000030         FLASH_IRQHandler
  203 00000030         RCC_IRQHandler
  204 00000030         EXTI0_1_IRQHandler
  205 00000030         EXTI2_3_IRQHandler
  206 00000030         EXTI4_15_IRQHandler
  207 00000030         DMA1_Channel1_IRQHandler
  208 00000030         DMA1_Channel2_3_IRQHandler
  209 00000030         DMA1_Channel4_5_IRQHandler
  210 00000030         ADC1_IRQHandler
  211 00000030         LPTIM1_IRQHandler
  212 00000030         TIM2_IRQHandler
  213 00000030         TIM21_IRQHandler
  214 00000030         I2C1_IRQHandler
  215 00000030         SPI1_IRQHandler
  216 00000030         USART2_IRQHandler
  217 00000030         LPUART1_IRQHandler
  218 00000030         
  219 00000030 E7FE            B                .
  220 00000032         
  221 00000032                 ENDP



ARM Macro Assembler    Page 6 


  222 00000032         
  223 00000032 00 00           ALIGN
  224 00000034         
  225 00000034         ;*******************************************************
                       ************************
  226 00000034         ; User Stack and Heap initialization
  227 00000034         ;*******************************************************
                       ************************
  228 00000034                 IF               :DEF:__MICROLIB
  229 00000034         
  230 00000034                 EXPORT           __initial_sp
  231 00000034                 EXPORT           __heap_base
  232 00000034                 EXPORT           __heap_limit
  233 00000034         
  234 00000034                 ELSE
  249                          ENDIF
  250 00000034         
  251 00000034                 END
              00000000 
              00000004 
              0000001F 
              40021034 
              00000001 
              40010000 
              00000000 
              00000000 
              00000000 
Command Line: --debug --xref --diag_suppress=9931 --cpu=Cortex-M0+ --apcs=inter
work --depend=cl\startup_stm32l010x4.d -ocl\startup_stm32l010x4.o -I.\RTE\_cl -
Id:\Users\78818\AppData\Local\Arm\Packs\ARM\CMSIS\5.7.0\CMSIS\Core\Include -Id:
\Users\78818\AppData\Local\Arm\Packs\Keil\STM32L0xx_DFP\2.1.0\Drivers\CMSIS\Dev
ice\ST\STM32L0xx\Include --predefine="__MICROLIB SETA 1" --predefine="__UVISION
_VERSION SETA 530" --predefine="_RTE_ SETA 1" --predefine="STM32L010x4 SETA 1" 
--predefine="_RTE_ SETA 1" --list=startup_stm32l010x4.lst startup_stm32l010x4.s



ARM Macro Assembler    Page 1 Alphabetic symbol ordering
Relocatable symbols

STACK 00000000

Symbol: STACK
   Definitions
      At line 34 in file startup_stm32l010x4.s
   Uses
      None
Comment: STACK unused
Stack_Mem 00000000

Symbol: Stack_Mem
   Definitions
      At line 35 in file startup_stm32l010x4.s
   Uses
      None
Comment: Stack_Mem unused
__initial_sp 00000400

Symbol: __initial_sp
   Definitions
      At line 36 in file startup_stm32l010x4.s
   Uses
      At line 60 in file startup_stm32l010x4.s
      At line 123 in file startup_stm32l010x4.s
      At line 230 in file startup_stm32l010x4.s

3 symbols



ARM Macro Assembler    Page 1 Alphabetic symbol ordering
Relocatable symbols

HEAP 00000000

Symbol: HEAP
   Definitions
      At line 45 in file startup_stm32l010x4.s
   Uses
      None
Comment: HEAP unused
Heap_Mem 00000000

Symbol: Heap_Mem
   Definitions
      At line 47 in file startup_stm32l010x4.s
   Uses
      None
Comment: Heap_Mem unused
__heap_base 00000000

Symbol: __heap_base
   Definitions
      At line 46 in file startup_stm32l010x4.s
   Uses
      At line 231 in file startup_stm32l010x4.s
Comment: __heap_base used once
__heap_limit 00000200

Symbol: __heap_limit
   Definitions
      At line 48 in file startup_stm32l010x4.s
   Uses
      At line 232 in file startup_stm32l010x4.s
Comment: __heap_limit used once
4 symbols



ARM Macro Assembler    Page 1 Alphabetic symbol ordering
Relocatable symbols

RESET 00000000

Symbol: RESET
   Definitions
      At line 55 in file startup_stm32l010x4.s
   Uses
      None
Comment: RESET unused
__Vectors 00000000

Symbol: __Vectors
   Definitions
      At line 60 in file startup_stm32l010x4.s
   Uses
      At line 56 in file startup_stm32l010x4.s
      At line 113 in file startup_stm32l010x4.s

__Vectors_End 000000C0

Symbol: __Vectors_End
   Definitions
      At line 111 in file startup_stm32l010x4.s
   Uses
      At line 57 in file startup_stm32l010x4.s
      At line 113 in file startup_stm32l010x4.s

3 symbols



ARM Macro Assembler    Page 1 Alphabetic symbol ordering
Relocatable symbols

.text 00000000

Symbol: .text
   Definitions
      At line 115 in file startup_stm32l010x4.s
   Uses
      None
Comment: .text unused
ADC1_IRQHandler 00000030

Symbol: ADC1_IRQHandler
   Definitions
      At line 210 in file startup_stm32l010x4.s
   Uses
      At line 90 in file startup_stm32l010x4.s
      At line 191 in file startup_stm32l010x4.s

ApplicationStart 0000001E

Symbol: ApplicationStart
   Definitions
      At line 148 in file startup_stm32l010x4.s
   Uses
      At line 134 in file startup_stm32l010x4.s
Comment: ApplicationStart used once
DMA1_Channel1_IRQHandler 00000030

Symbol: DMA1_Channel1_IRQHandler
   Definitions
      At line 207 in file startup_stm32l010x4.s
   Uses
      At line 87 in file startup_stm32l010x4.s
      At line 188 in file startup_stm32l010x4.s

DMA1_Channel2_3_IRQHandler 00000030

Symbol: DMA1_Channel2_3_IRQHandler
   Definitions
      At line 208 in file startup_stm32l010x4.s
   Uses
      At line 88 in file startup_stm32l010x4.s
      At line 189 in file startup_stm32l010x4.s

DMA1_Channel4_5_IRQHandler 00000030

Symbol: DMA1_Channel4_5_IRQHandler
   Definitions
      At line 209 in file startup_stm32l010x4.s
   Uses
      At line 89 in file startup_stm32l010x4.s
      At line 190 in file startup_stm32l010x4.s

Default_Handler 00000030

Symbol: Default_Handler
   Definitions
      At line 179 in file startup_stm32l010x4.s
   Uses
      None



ARM Macro Assembler    Page 2 Alphabetic symbol ordering
Relocatable symbols

Comment: Default_Handler unused
EXTI0_1_IRQHandler 00000030

Symbol: EXTI0_1_IRQHandler
   Definitions
      At line 204 in file startup_stm32l010x4.s
   Uses
      At line 83 in file startup_stm32l010x4.s
      At line 185 in file startup_stm32l010x4.s

EXTI2_3_IRQHandler 00000030

Symbol: EXTI2_3_IRQHandler
   Definitions
      At line 205 in file startup_stm32l010x4.s
   Uses
      At line 84 in file startup_stm32l010x4.s
      At line 186 in file startup_stm32l010x4.s

EXTI4_15_IRQHandler 00000030

Symbol: EXTI4_15_IRQHandler
   Definitions
      At line 206 in file startup_stm32l010x4.s
   Uses
      At line 85 in file startup_stm32l010x4.s
      At line 187 in file startup_stm32l010x4.s

FLASH_IRQHandler 00000030

Symbol: FLASH_IRQHandler
   Definitions
      At line 202 in file startup_stm32l010x4.s
   Uses
      At line 81 in file startup_stm32l010x4.s
      At line 183 in file startup_stm32l010x4.s

HardFault_Handler 00000028

Symbol: HardFault_Handler
   Definitions
      At line 162 in file startup_stm32l010x4.s
   Uses
      At line 63 in file startup_stm32l010x4.s
      At line 163 in file startup_stm32l010x4.s

I2C1_IRQHandler 00000030

Symbol: I2C1_IRQHandler
   Definitions
      At line 214 in file startup_stm32l010x4.s
   Uses
      At line 101 in file startup_stm32l010x4.s
      At line 195 in file startup_stm32l010x4.s

LPTIM1_IRQHandler 00000030

Symbol: LPTIM1_IRQHandler
   Definitions



ARM Macro Assembler    Page 3 Alphabetic symbol ordering
Relocatable symbols

      At line 211 in file startup_stm32l010x4.s
   Uses
      At line 91 in file startup_stm32l010x4.s
      At line 192 in file startup_stm32l010x4.s

LPUART1_IRQHandler 00000030

Symbol: LPUART1_IRQHandler
   Definitions
      At line 217 in file startup_stm32l010x4.s
   Uses
      At line 107 in file startup_stm32l010x4.s
      At line 198 in file startup_stm32l010x4.s

NMI_Handler 00000026

Symbol: NMI_Handler
   Definitions
      At line 157 in file startup_stm32l010x4.s
   Uses
      At line 62 in file startup_stm32l010x4.s
      At line 158 in file startup_stm32l010x4.s

PendSV_Handler 0000002C

Symbol: PendSV_Handler
   Definitions
      At line 170 in file startup_stm32l010x4.s
   Uses
      At line 74 in file startup_stm32l010x4.s
      At line 171 in file startup_stm32l010x4.s

RCC_IRQHandler 00000030

Symbol: RCC_IRQHandler
   Definitions
      At line 203 in file startup_stm32l010x4.s
   Uses
      At line 82 in file startup_stm32l010x4.s
      At line 184 in file startup_stm32l010x4.s

RTC_IRQHandler 00000030

Symbol: RTC_IRQHandler
   Definitions
      At line 201 in file startup_stm32l010x4.s
   Uses
      At line 80 in file startup_stm32l010x4.s
      At line 182 in file startup_stm32l010x4.s

Reset_Handler 00000000

Symbol: Reset_Handler
   Definitions
      At line 118 in file startup_stm32l010x4.s
   Uses
      At line 61 in file startup_stm32l010x4.s
      At line 119 in file startup_stm32l010x4.s




ARM Macro Assembler    Page 4 Alphabetic symbol ordering
Relocatable symbols

SPI1_IRQHandler 00000030

Symbol: SPI1_IRQHandler
   Definitions
      At line 215 in file startup_stm32l010x4.s
   Uses
      At line 103 in file startup_stm32l010x4.s
      At line 196 in file startup_stm32l010x4.s

SVC_Handler 0000002A

Symbol: SVC_Handler
   Definitions
      At line 166 in file startup_stm32l010x4.s
   Uses
      At line 71 in file startup_stm32l010x4.s
      At line 167 in file startup_stm32l010x4.s

SysTick_Handler 0000002E

Symbol: SysTick_Handler
   Definitions
      At line 174 in file startup_stm32l010x4.s
   Uses
      At line 75 in file startup_stm32l010x4.s
      At line 175 in file startup_stm32l010x4.s

TIM21_IRQHandler 00000030

Symbol: TIM21_IRQHandler
   Definitions
      At line 213 in file startup_stm32l010x4.s
   Uses
      At line 98 in file startup_stm32l010x4.s
      At line 194 in file startup_stm32l010x4.s

TIM2_IRQHandler 00000030

Symbol: TIM2_IRQHandler
   Definitions
      At line 212 in file startup_stm32l010x4.s
   Uses
      At line 93 in file startup_stm32l010x4.s
      At line 193 in file startup_stm32l010x4.s

USART2_IRQHandler 00000030

Symbol: USART2_IRQHandler
   Definitions
      At line 216 in file startup_stm32l010x4.s
   Uses
      At line 106 in file startup_stm32l010x4.s
      At line 197 in file startup_stm32l010x4.s

WWDG_IRQHandler 00000030

Symbol: WWDG_IRQHandler
   Definitions
      At line 200 in file startup_stm32l010x4.s



ARM Macro Assembler    Page 5 Alphabetic symbol ordering
Relocatable symbols

   Uses
      At line 78 in file startup_stm32l010x4.s
      At line 181 in file startup_stm32l010x4.s

27 symbols



ARM Macro Assembler    Page 1 Alphabetic symbol ordering
Absolute symbols

Heap_Size 00000200

Symbol: Heap_Size
   Definitions
      At line 43 in file startup_stm32l010x4.s
   Uses
      At line 47 in file startup_stm32l010x4.s
Comment: Heap_Size used once
Stack_Size 00000400

Symbol: Stack_Size
   Definitions
      At line 32 in file startup_stm32l010x4.s
   Uses
      At line 35 in file startup_stm32l010x4.s
Comment: Stack_Size used once
__Vectors_Size 000000C0

Symbol: __Vectors_Size
   Definitions
      At line 113 in file startup_stm32l010x4.s
   Uses
      At line 58 in file startup_stm32l010x4.s
Comment: __Vectors_Size used once
3 symbols



ARM Macro Assembler    Page 1 Alphabetic symbol ordering
External symbols

SystemInit 00000000

Symbol: SystemInit
   Definitions
      At line 121 in file startup_stm32l010x4.s
   Uses
      At line 149 in file startup_stm32l010x4.s
Comment: SystemInit used once
__main 00000000

Symbol: __main
   Definitions
      At line 120 in file startup_stm32l010x4.s
   Uses
      At line 151 in file startup_stm32l010x4.s
Comment: __main used once
2 symbols
378 symbols in table
